%!Adobe-FontList 1.16
%Locale:0x409

%BeginFont
Handler:DirectoryHandler
FontType:TrueType
FontName:AnotherFlight
FamilyName:Another Flight
StyleName:Regular
MenuName:Another Flight
StyleBits:0
WeightClass:400
WidthClass:5
AngleClass:0
FullName:Another Flight
WritingScript:Roman
OutlineFileName:\Another Flight.otf
DataFormat:sfntData
FileLength:57780
FileModTime:1540387768
NameArray:0,Win,1,Another Flight
%EndFont

%BeginFont
Handler:DirectoryHandler
FontType:TrueType
FontName:AvenirNextCondensed-Bold
FamilyName:Avenir Next Condensed
StyleName:Bold
MenuName:Avenir Next Condensed
StyleBits:2
WeightClass:700
WidthClass:3
AngleClass:0
FullName:Avenir Next Condensed Bold
WritingScript:Roman
OutlineFileName:\Avenir Next Condensed.ttc
TTCOffset:72
DataFormat:sfntData
FileLength:3150540
FileModTime:1380995517
NameArray:0,Mac,18,Avenir Next Condensed Bold
NameArray:0,Mac,4,Avenir Next Condensed Bold
NameArray:0,Win,1,Avenir Next Condensed
NameArray:0,Win,16,Avenir Next Condensed
%EndFont

%BeginFont
Handler:DirectoryHandler
FontType:TrueType
FontName:AvenirNextCondensed-BoldItalic
FamilyName:Avenir Next Condensed
StyleName:Bold Italic
MenuName:Avenir Next Condensed
StyleBits:0
WeightClass:700
WidthClass:3
AngleClass:1
FullName:Avenir Next Condensed Bold Italic
WritingScript:Roman
OutlineFileName:\Avenir Next Condensed.ttc
TTCOffset:356
DataFormat:sfntData
FileLength:3150540
FileModTime:1380995517
NameArray:0,Mac,18,Avenir Next Condensed Bold Italic
NameArray:0,Mac,4,Avenir Next Condensed Bold Italic
NameArray:0,Win,1,Avenir Next Condensed
NameArray:0,Win,16,Avenir Next Condensed
%EndFont

%BeginFont
Handler:DirectoryHandler
FontType:TrueType
FontName:AvenirNextCondensed-DemiBold
FamilyName:Avenir Next Condensed
StyleName:Demi Bold
MenuName:Avenir Next Condensed Demi Bold
StyleBits:0
WeightClass:600
WidthClass:3
AngleClass:0
FullName:Avenir Next Condensed Demi Bold
WritingScript:Roman
OutlineFileName:\Avenir Next Condensed.ttc
TTCOffset:640
DataFormat:sfntData
FileLength:3150540
FileModTime:1380995517
NameArray:0,Mac,18,Avenir Next Condensed Demi Bold
NameArray:0,Mac,4,Avenir Next Condensed Demi Bold
NameArray:0,Win,1,Avenir Next Condensed Demi Bold
NameArray:0,Win,16,Avenir Next Condensed
%EndFont

%BeginFont
Handler:DirectoryHandler
FontType:TrueType
FontName:AvenirNextCondensed-DemiBoldItalic
FamilyName:Avenir Next Condensed
StyleName:Demi Bold Italic
MenuName:Avenir Next Condensed Demi Bold
StyleBits:0
WeightClass:600
WidthClass:3
AngleClass:1
FullName:Avenir Next Condensed Demi Bold Italic
WritingScript:Roman
OutlineFileName:\Avenir Next Condensed.ttc
TTCOffset:924
DataFormat:sfntData
FileLength:3150540
FileModTime:1380995517
NameArray:0,Mac,18,Avenir Next Condensed Demi Bold Italic
NameArray:0,Mac,4,Avenir Next Condensed Demi Bold Italic
NameArray:0,Win,1,Avenir Next Condensed Demi Bold
NameArray:0,Win,16,Avenir Next Condensed
%EndFont

%BeginFont
Handler:DirectoryHandler
FontType:TrueType
FontName:AvenirNextCondensed-Italic
FamilyName:Avenir Next Condensed
StyleName:Italic
MenuName:Avenir Next Condensed
StyleBits:0
WeightClass:400
WidthClass:3
AngleClass:1
FullName:Avenir Next Condensed Italic
WritingScript:Roman
OutlineFileName:\Avenir Next Condensed.ttc
TTCOffset:1208
DataFormat:sfntData
FileLength:3150540
FileModTime:1380995517
NameArray:0,Mac,18,Avenir Next Condensed Italic
NameArray:0,Mac,4,Avenir Next Condensed Italic
NameArray:0,Win,1,Avenir Next Condensed
NameArray:0,Win,16,Avenir Next Condensed
%EndFont

%BeginFont
Handler:DirectoryHandler
FontType:TrueType
FontName:AvenirNextCondensed-Medium
FamilyName:Avenir Next Condensed
StyleName:Medium
MenuName:Avenir Next Condensed Medium
StyleBits:0
WeightClass:500
WidthClass:3
AngleClass:0
FullName:Avenir Next Condensed Medium
WritingScript:Roman
OutlineFileName:\Avenir Next Condensed.ttc
TTCOffset:1492
DataFormat:sfntData
FileLength:3150540
FileModTime:1380995517
NameArray:0,Mac,18,Avenir Next Condensed Medium
NameArray:0,Mac,4,Avenir Next Condensed Medium
NameArray:0,Win,1,Avenir Next Condensed Medium
NameArray:0,Win,16,Avenir Next Condensed
%EndFont

%BeginFont
Handler:DirectoryHandler
FontType:TrueType
FontName:AvenirNextCondensed-MediumItalic
FamilyName:Avenir Next Condensed
StyleName:Medium Italic
MenuName:Avenir Next Condensed Medium
StyleBits:1
WeightClass:500
WidthClass:3
AngleClass:0
FullName:Avenir Next Medium Condensed Italic
WritingScript:Roman
OutlineFileName:\Avenir Next Condensed.ttc
TTCOffset:1776
DataFormat:sfntData
FileLength:3150540
FileModTime:1380995517
NameArray:0,Mac,18,Avenir Next Condensed Medium Italic
NameArray:0,Mac,4,Avenir Next Condensed Medium Italic
NameArray:0,Win,1,Avenir Next Condensed Medium
NameArray:0,Win,16,Avenir Next Condensed
%EndFont

%BeginFont
Handler:DirectoryHandler
FontType:TrueType
FontName:AvenirNextCondensed-Regular
FamilyName:Avenir Next Condensed
StyleName:Regular
MenuName:Avenir Next Condensed
StyleBits:0
WeightClass:400
WidthClass:3
AngleClass:0
FullName:Avenir Next Condensed Regular
WritingScript:Roman
OutlineFileName:\Avenir Next Condensed.ttc
TTCOffset:2060
DataFormat:sfntData
FileLength:3150540
FileModTime:1380995517
NameArray:0,Mac,18,Avenir Next Condensed Regular
NameArray:0,Mac,4,Avenir Next Condensed Regular
NameArray:0,Win,1,Avenir Next Condensed
NameArray:0,Win,16,Avenir Next Condensed
%EndFont

%BeginFont
Handler:DirectoryHandler
FontType:TrueType
FontName:AvenirNextCondensed-Heavy
FamilyName:Avenir Next Condensed
StyleName:Heavy
MenuName:Avenir Next Condensed Heavy
StyleBits:0
WeightClass:900
WidthClass:3
AngleClass:0
FullName:Avenir Next Condensed Heavy
WritingScript:Roman
OutlineFileName:\Avenir Next Condensed.ttc
TTCOffset:2344
DataFormat:sfntData
FileLength:3150540
FileModTime:1380995517
NameArray:0,Mac,18,Avenir Next Condensed Heavy
NameArray:0,Mac,4,Avenir Next Condensed Heavy
NameArray:0,Win,1,Avenir Next Condensed Heavy
NameArray:0,Win,16,Avenir Next Condensed
%EndFont

%BeginFont
Handler:DirectoryHandler
FontType:TrueType
FontName:AvenirNextCondensed-HeavyItalic
FamilyName:Avenir Next Condensed
StyleName:Heavy Italic
MenuName:Avenir Next Condensed Heavy
StyleBits:0
WeightClass:900
WidthClass:3
AngleClass:0
FullName:Avenir Next Condensed Heavy Italic
WritingScript:Roman
OutlineFileName:\Avenir Next Condensed.ttc
TTCOffset:2628
DataFormat:sfntData
FileLength:3150540
FileModTime:1380995517
NameArray:0,Mac,18,Avenir Next Condensed Heavy Italic
NameArray:0,Mac,4,Avenir Next Condensed Heavy Italic
NameArray:0,Win,1,Avenir Next Condensed Heavy
NameArray:0,Win,16,Avenir Next Condensed
%EndFont

%BeginFont
Handler:DirectoryHandler
FontType:TrueType
FontName:AvenirNextCondensed-UltraLight
FamilyName:Avenir Next Condensed
StyleName:Ultra Light
MenuName:Avenir Next Condensed Ultra Light
StyleBits:0
WeightClass:275
WidthClass:3
AngleClass:0
FullName:Avenir Next Condensed Ultra Light
WritingScript:Roman
OutlineFileName:\Avenir Next Condensed.ttc
TTCOffset:2912
DataFormat:sfntData
FileLength:3150540
FileModTime:1380995517
NameArray:0,Mac,18,Avenir Next Condensed Ultra Light
NameArray:0,Mac,4,Avenir Next Condensed Ultra Light
NameArray:0,Win,1,Avenir Next Condensed Ultra Light
NameArray:0,Win,16,Avenir Next Condensed
%EndFont

%BeginFont
Handler:DirectoryHandler
FontType:TrueType
FontName:AvenirNextCondensed-UltraLightItalic
FamilyName:Avenir Next Condensed
StyleName:Ultra Light Italic
MenuName:Avenir Next Condensed Ultra Light
StyleBits:0
WeightClass:275
WidthClass:3
AngleClass:0
FullName:Avenir Next Condensed Ultra Light Italic
WritingScript:Roman
OutlineFileName:\Avenir Next Condensed.ttc
TTCOffset:3196
DataFormat:sfntData
FileLength:3150540
FileModTime:1380995517
NameArray:0,Mac,18,Avenir Next Condensed Ultra Light Italic
NameArray:0,Mac,4,Avenir Next Condensed Ultra Light Italic
NameArray:0,Win,1,Avenir Next Condensed Ultra Light
NameArray:0,Win,16,Avenir Next Condensed
%EndFont

%BeginFont
Handler:DirectoryHandler
FontType:Type1
FontName:BebasNeue-Regular
FamilyName:Bebas Neue
StyleName:Regular
MenuName:Bebas Neue
StyleBits:0
WeightClass:400
WidthClass:5
AngleClass:0
FullName:Bebas Neue Regular
WritingScript:Roman
OutlineFileName:\BebasNeue-Regular.otf
DataFormat:sfntData
UsesStandardEncoding:yes
isCFF:yes
FileLength:42200
FileModTime:1517969088
NameArray:0,Mac,4,Bebas Neue Regular
NameArray:0,Win,1,Bebas Neue
%EndFont

%BeginFont
Handler:DirectoryHandler
FontType:Type1
FontName:Gravity-Bold
FamilyName:Gravity
StyleName:Bold
MenuName:Gravity
StyleBits:2
WeightClass:700
WidthClass:5
AngleClass:0
FullName:Gravity Bold
WritingScript:Roman
OutlineFileName:\Gravity-Bold.otf
DataFormat:sfntData
UsesStandardEncoding:yes
isCFF:yes
FileLength:48496
FileModTime:1462328750
NameArray:0,Mac,4,Gravity Bold
NameArray:0,Win,1,Gravity
%EndFont

%BeginFont
Handler:DirectoryHandler
FontType:Type1
FontName:Gravity-Book
FamilyName:Gravity
StyleName:Book
MenuName:Gravity Book
StyleBits:0
WeightClass:350
WidthClass:5
AngleClass:0
FullName:Gravity Book
WritingScript:Roman
OutlineFileName:\Gravity-Book.otf
DataFormat:sfntData
UsesStandardEncoding:yes
isCFF:yes
FileLength:47280
FileModTime:1462328750
NameArray:0,Mac,4,Gravity Book
NameArray:0,Win,1,Gravity Book
NameArray:0,Win,16,Gravity
%EndFont

%BeginFont
Handler:DirectoryHandler
FontType:TrueType
FontName:Roboto-Regular
FamilyName:Roboto
StyleName:Regular
MenuName:Roboto
StyleBits:0
WeightClass:400
WidthClass:5
AngleClass:0
FullName:Roboto Regular
WritingScript:Roman
OutlineFileName:\Roboto-Regular.ttf
DataFormat:sfntData
FileLength:158604
FileModTime:1322572618
NameArray:0,Mac,18,Roboto Regular
NameArray:0,Mac,4,Roboto Regular
NameArray:0,Win,1,Roboto
%EndFont

